13-Oct-2022 13:16:27 INFO - your age not 18
13-Oct-2022 13:16:27 ERROR - error occure while allping driving licence for Amisha
13-Oct-2022 13:16:27 INFO - your age not 18
13-Oct-2022 13:16:27 ERROR - error occure while allping driving licence for Sakshi
13-Oct-2022 13:16:27 INFO - your are not fit
13-Oct-2022 13:16:27 ERROR - error occure while allping driving licence for Rita
13-Oct-2022 13:18:53 INFO - your age not 18
13-Oct-2022 13:18:53 ERROR - error occure while allping driving licence for Amisha
13-Oct-2022 13:18:53 INFO - your age not 18
13-Oct-2022 13:18:53 ERROR - error occure while allping driving licence for Sakshi
13-Oct-2022 13:18:53 INFO - your are not fit
13-Oct-2022 13:18:53 ERROR - error occure while allping driving licence for Rita
13-Oct-2022 13:19:05 INFO - your age not 18
13-Oct-2022 13:19:05 ERROR - error occure while allping driving licence for Amisha
13-Oct-2022 13:19:05 INFO - your age not 18
13-Oct-2022 13:19:05 ERROR - error occure while allping driving licence for Sakshi
13-Oct-2022 13:19:05 INFO - your are not fit
13-Oct-2022 13:19:05 ERROR - error occure while allping driving licence for Rita
13-Oct-2022 13:20:21 INFO - your age not 18
13-Oct-2022 13:20:21 ERROR - error occure while allping driving licence for Amisha
13-Oct-2022 13:20:21 INFO - your age not 18
13-Oct-2022 13:20:21 ERROR - error occure while allping driving licence for Sakshi
13-Oct-2022 13:20:21 INFO - your are not fit
13-Oct-2022 13:20:21 ERROR - error occure while allping driving licence for Rita
13-Oct-2022 13:22:02 INFO - your age not 18
13-Oct-2022 13:22:02 ERROR - error occure while allping driving licence for Amisha
13-Oct-2022 13:22:02 INFO - your age not 18
13-Oct-2022 13:22:02 ERROR - error occure while allping driving licence for Sakshi
13-Oct-2022 13:22:02 INFO - your are not fit
13-Oct-2022 13:22:02 ERROR - error occure while allping driving licence for Rita
13-Oct-2022 14:10:09 INFO - your age not 18
13-Oct-2022 14:10:09 ERROR - error occure while allping driving licence for Amisha
13-Oct-2022 14:10:09 INFO - your age not 18
13-Oct-2022 14:10:09 ERROR - error occure while allping driving licence for Sakshi
13-Oct-2022 14:10:09 INFO - your are not fit
13-Oct-2022 14:10:09 ERROR - error occure while allping driving licence for Rita
13-Oct-2022 14:18:11 INFO - your age not 18
13-Oct-2022 14:18:11 ERROR - error occure while applying driving licence for Amisha
13-Oct-2022 14:18:11 INFO - your age not 18
13-Oct-2022 14:18:11 ERROR - error occure while applying driving licence for Sakshi
13-Oct-2022 14:18:11 INFO - your are not fit
13-Oct-2022 14:18:11 ERROR - error occure while applying driving licence for Rita
13-Oct-2022 14:18:53 INFO - your age not 18
13-Oct-2022 14:18:53 ERROR - error occure while applying driving licence for Amisha
13-Oct-2022 14:18:53 INFO - your age not 18
13-Oct-2022 14:18:53 ERROR - error occure while applying driving licence for Sakshi
13-Oct-2022 14:18:53 INFO - your are not fit
13-Oct-2022 14:18:53 ERROR - error occure while applying driving licence for Rita
